<?xml version="1.0" encoding="UTF-8"?>
<!-- Generated by org.testng.reporters.JUnitXMLReporter -->
<testsuite hostname="RAJEEV" ignored="0" name="Sanity Test" tests="1" failures="1" timestamp="05 Apr 2020 14:45:40 GMT" time="22.255" errors="0">
  <testcase name="verifyTitle" time="0.088" classname="com.jenkinsBuild.test.LoginPageTest">
    <failure type="java.lang.NullPointerException">
      <![CDATA[java.lang.NullPointerException
	at com.jenkinsBuild.test.LoginPageTest.verifyTitle(LoginPageTest.java:26)
... Removed 25 stack frames]]>
    </failure>
  </testcase> <!-- verifyTitle -->
</testsuite> <!-- Sanity Test -->
