<?xml version="1.0" encoding="UTF-8"?>
<testng-results skipped="0" failed="1" ignored="0" total="1" passed="0">
  <reporter-output>
  </reporter-output>
  <suite name="Sanity Suite" duration-ms="22255" started-at="2020-04-05T14:45:18Z" finished-at="2020-04-05T14:45:40Z">
    <groups>
    </groups>
    <test name="Sanity Test" duration-ms="22255" started-at="2020-04-05T14:45:18Z" finished-at="2020-04-05T14:45:40Z">
      <class name="com.jenkinsBuild.test.LoginPageTest">
        <test-method status="PASS" signature="initExtent()[pri:0, instance:com.jenkinsBuild.test.LoginPageTest@4f970963]" name="initExtent" is-config="true" duration-ms="167" started-at="2020-04-05T20:15:18Z" finished-at="2020-04-05T20:15:18Z">
          <reporter-output>
          </reporter-output>
        </test-method> <!-- initExtent -->
        <test-method status="PASS" signature="setUp(java.lang.String)[pri:0, instance:com.jenkinsBuild.test.LoginPageTest@4f970963]" name="setUp" is-config="true" duration-ms="18521" started-at="2020-04-05T20:15:18Z" finished-at="2020-04-05T20:15:36Z">
          <params>
            <param index="0">
              <value>
                <![CDATA[chrome]]>
              </value>
            </param>
          </params>
          <reporter-output>
          </reporter-output>
        </test-method> <!-- setUp -->
        <test-method status="FAIL" signature="verifyTitle(java.lang.reflect.Method)[pri:0, instance:com.jenkinsBuild.test.LoginPageTest@4f970963]" name="verifyTitle" duration-ms="88" started-at="2020-04-05T20:15:36Z" finished-at="2020-04-05T20:15:36Z">
          <params>
            <param index="0">
              <value>
                <![CDATA[public void com.jenkinsBuild.test.LoginPageTest.verifyTitle(java.lang.reflect.Method)]]>
              </value>
            </param>
          </params>
          <exception class="java.lang.NullPointerException">
            <full-stacktrace>
              <![CDATA[java.lang.NullPointerException
	at com.jenkinsBuild.test.LoginPageTest.verifyTitle(LoginPageTest.java:26)
	at sun.reflect.NativeMethodAccessorImpl.invoke0(Native Method)
	at sun.reflect.NativeMethodAccessorImpl.invoke(NativeMethodAccessorImpl.java:62)
	at sun.reflect.DelegatingMethodAccessorImpl.invoke(DelegatingMethodAccessorImpl.java:43)
	at java.lang.reflect.Method.invoke(Method.java:498)
	at org.testng.internal.MethodInvocationHelper.invokeMethod(MethodInvocationHelper.java:104)
	at org.testng.internal.Invoker.invokeMethod(Invoker.java:645)
	at org.testng.internal.Invoker.invokeTestMethod(Invoker.java:851)
	at org.testng.internal.Invoker.invokeTestMethods(Invoker.java:1177)
	at org.testng.internal.TestMethodWorker.invokeTestMethods(TestMethodWorker.java:129)
	at org.testng.internal.TestMethodWorker.run(TestMethodWorker.java:112)
	at org.testng.TestRunner.privateRun(TestRunner.java:756)
	at org.testng.TestRunner.run(TestRunner.java:610)
	at org.testng.SuiteRunner.runTest(SuiteRunner.java:387)
	at org.testng.SuiteRunner.runSequentially(SuiteRunner.java:382)
	at org.testng.SuiteRunner.privateRun(SuiteRunner.java:340)
	at org.testng.SuiteRunner.run(SuiteRunner.java:289)
	at org.testng.SuiteRunnerWorker.runSuite(SuiteRunnerWorker.java:52)
	at org.testng.SuiteRunnerWorker.run(SuiteRunnerWorker.java:86)
	at org.testng.TestNG.runSuitesSequentially(TestNG.java:1293)
	at org.testng.TestNG.runSuitesLocally(TestNG.java:1218)
	at org.testng.TestNG.runSuites(TestNG.java:1133)
	at org.testng.TestNG.run(TestNG.java:1104)
	at org.testng.remote.AbstractRemoteTestNG.run(AbstractRemoteTestNG.java:132)
	at org.testng.remote.RemoteTestNG.initAndRun(RemoteTestNG.java:236)
	at org.testng.remote.RemoteTestNG.main(RemoteTestNG.java:81)
]]>
            </full-stacktrace>
          </exception> <!-- java.lang.NullPointerException -->
          <reporter-output>
          </reporter-output>
        </test-method> <!-- verifyTitle -->
        <test-method status="PASS" signature="tearDown(org.testng.ITestResult)[pri:0, instance:com.jenkinsBuild.test.LoginPageTest@4f970963]" name="tearDown" is-config="true" duration-ms="2220" started-at="2020-04-05T20:15:36Z" finished-at="2020-04-05T20:15:39Z">
          <params>
            <param index="0">
              <value>
                <![CDATA[[TestResult name=verifyTitle status=FAILURE method=LoginPageTest.verifyTitle(java.lang.reflect.Method)[pri:0, instance:com.jenkinsBuild.test.LoginPageTest@4f970963] output={null}]]]>
              </value>
            </param>
          </params>
          <reporter-output>
          </reporter-output>
        </test-method> <!-- tearDown -->
        <test-method status="PASS" signature="closeExtent()[pri:0, instance:com.jenkinsBuild.test.LoginPageTest@4f970963]" name="closeExtent" is-config="true" duration-ms="1222" started-at="2020-04-05T20:15:39Z" finished-at="2020-04-05T20:15:40Z">
          <reporter-output>
          </reporter-output>
        </test-method> <!-- closeExtent -->
      </class> <!-- com.jenkinsBuild.test.LoginPageTest -->
    </test> <!-- Sanity Test -->
  </suite> <!-- Sanity Suite -->
</testng-results>
